{
  message: 'application listening on port 5000',
  level: 'info',
  label: 'Info',
  timestamp: '2023-06-24T16:38:05.474Z'
}
{
  message: 'application listening on port 5000',
  level: 'info',
  label: 'Info',
  timestamp: '2023-06-24T16:38:31.947Z'
}
{
  message: 'application listening on port 5000',
  level: 'info',
  label: 'Info',
  timestamp: '2023-06-24T16:41:21.416Z'
}
{
  message: 'application listening on port 5000',
  level: 'info',
  label: 'Info',
  timestamp: '2023-06-24T16:42:01.308Z'
}
{
  message: 'application listening on port 5000',
  level: 'info',
  label: 'Info',
  timestamp: '2023-06-24T16:55:57.284Z'
}
{
  message: 'application listening on port 5000',
  level: 'info',
  label: 'Info',
  timestamp: '2023-06-24T16:57:26.463Z'
}
{
  message: 'application listening on port 5000',
  level: 'info',
  label: 'Info',
  timestamp: '2023-06-24T16:58:22.675Z'
}
{
  message: 'application listening on port 5000',
  level: 'info',
  label: 'Info',
  timestamp: '2023-06-24T16:59:59.080Z'
}
