{
  message: 'application listening on port 5000',
  level: 'info',
  label: 'Info',
  timestamp: '2023-06-25T10:22:57.201Z'
}
{
  message: 'application listening on port 5000',
  level: 'info',
  label: 'Info',
  timestamp: '2023-06-25T10:25:44.536Z'
}
{
  message: 'application listening on port 5000',
  level: 'info',
  label: 'Info',
  timestamp: '2023-06-25T10:25:53.513Z'
}
{
  message: 'application listening on port 5000',
  level: 'info',
  label: 'Info',
  timestamp: '2023-06-25T10:25:54.476Z'
}
{
  message: 'application listening on port 5000',
  level: 'info',
  label: 'Info',
  timestamp: '2023-06-25T10:25:56.414Z'
}
{
  message: 'application listening on port 5000',
  level: 'info',
  label: 'Info',
  timestamp: '2023-06-25T10:28:14.082Z'
}
{
  message: 'application listening on port 5000',
  level: 'info',
  label: 'Info',
  timestamp: '2023-06-25T10:28:18.387Z'
}
{
  message: 'application listening on port 5000',
  level: 'info',
  label: 'Info',
  timestamp: '2023-06-25T10:28:25.184Z'
}
{
  message: 'application listening on port 5000',
  level: 'info',
  label: 'Info',
  timestamp: '2023-06-25T10:28:52.212Z'
}
{
  message: 'application listening on port 5000',
  level: 'info',
  label: 'Info',
  timestamp: '2023-06-25T10:29:58.068Z'
}
{
  message: 'application listening on port 5000',
  level: 'info',
  label: 'Info',
  timestamp: '2023-06-25T10:30:09.361Z'
}
{
  message: 'application listening on port 5000',
  level: 'info',
  label: 'Info',
  timestamp: '2023-06-25T10:30:44.667Z'
}
{
  message: 'application listening on port 5000',
  level: 'info',
  label: 'Info',
  timestamp: '2023-06-25T10:31:04.743Z'
}
{
  message: 'application listening on port 5000',
  level: 'info',
  label: 'Info',
  timestamp: '2023-06-25T10:31:10.701Z'
}
{
  message: 'application listening on port 5000',
  level: 'info',
  label: 'Info',
  timestamp: '2023-06-25T10:31:13.487Z'
}
{
  message: 'application listening on port 5000',
  level: 'info',
  label: 'Info',
  timestamp: '2023-06-25T10:31:33.153Z'
}
{
  message: 'application listening on port 5000',
  level: 'info',
  label: 'Info',
  timestamp: '2023-06-25T10:31:57.954Z'
}
{
  message: 'application listening on port 5000',
  level: 'info',
  label: 'Info',
  timestamp: '2023-06-25T10:32:59.657Z'
}
{
  message: 'application listening on port 5000',
  level: 'info',
  label: 'Info',
  timestamp: '2023-06-25T10:33:21.412Z'
}
{
  message: 'application listening on port 5000',
  level: 'info',
  label: 'Info',
  timestamp: '2023-06-25T10:34:00.803Z'
}
{
  message: 'application listening on port 5000',
  level: 'info',
  label: 'Info',
  timestamp: '2023-06-25T10:35:09.360Z'
}
{
  message: 'application listening on port 5000',
  level: 'info',
  label: 'Info',
  timestamp: '2023-06-25T10:35:36.389Z'
}
{
  message: 'application listening on port 5000',
  level: 'info',
  label: 'Info',
  timestamp: '2023-06-25T10:35:41.843Z'
}
{
  message: 'application listening on port 5000',
  level: 'info',
  label: 'Info',
  timestamp: '2023-06-25T10:36:45.693Z'
}
{
  message: 'application listening on port 5000',
  level: 'info',
  label: 'Info',
  timestamp: '2023-06-25T10:36:47.201Z'
}
{
  message: 'application listening on port 5000',
  level: 'info',
  label: 'Info',
  timestamp: '2023-06-25T10:41:00.636Z'
}
{
  message: 'application listening on port 5000',
  level: 'info',
  label: 'Info',
  timestamp: '2023-06-25T10:41:09.370Z'
}
{
  message: 'application listening on port 5000',
  level: 'info',
  label: 'Info',
  timestamp: '2023-06-25T10:41:12.246Z'
}
{
  message: 'application listening on port 5000',
  level: 'info',
  label: 'Info',
  timestamp: '2023-06-25T10:54:19.412Z'
}
{
  message: 'application listening on port 5000',
  level: 'info',
  label: 'Info',
  timestamp: '2023-06-25T10:54:20.366Z'
}
{
  message: 'application listening on port 5000',
  level: 'info',
  label: 'Info',
  timestamp: '2023-06-25T10:54:46.736Z'
}
{
  message: 'application listening on port 5000',
  level: 'info',
  label: 'Info',
  timestamp: '2023-06-25T10:54:50.025Z'
}
{
  message: 'application listening on port 5000',
  level: 'info',
  label: 'Info',
  timestamp: '2023-06-25T10:54:58.178Z'
}
{
  message: 'application listening on port 5000',
  level: 'info',
  label: 'Info',
  timestamp: '2023-06-25T10:54:59.367Z'
}
{
  message: 'application listening on port 5000',
  level: 'info',
  label: 'Info',
  timestamp: '2023-06-25T10:55:23.588Z'
}
{
  message: 'application listening on port 5000',
  level: 'info',
  label: 'Info',
  timestamp: '2023-06-25T10:56:34.476Z'
}
{
  message: 'application listening on port 5000',
  level: 'info',
  label: 'Info',
  timestamp: '2023-06-25T10:56:38.474Z'
}
{
  message: 'application listening on port 5000',
  level: 'info',
  label: 'Info',
  timestamp: '2023-06-25T10:56:41.307Z'
}
{
  message: 'application listening on port 5000',
  level: 'info',
  label: 'Info',
  timestamp: '2023-06-25T10:58:06.775Z'
}
