{
  message: 'application listening on port 5000',
  level: 'info',
  label: 'Info',
  timestamp: '2023-06-30T10:13:45.020Z'
}
{
  message: 'application listening on port 5000',
  level: 'info',
  label: 'Info',
  timestamp: '2023-06-30T10:15:56.447Z'
}
{
  message: 'application listening on port 5000',
  level: 'info',
  label: 'Info',
  timestamp: '2023-06-30T10:20:38.646Z'
}
{
  message: 'application listening on port 5000',
  level: 'info',
  label: 'Info',
  timestamp: '2023-06-30T10:21:32.498Z'
}
{
  message: 'application listening on port 5000',
  level: 'info',
  label: 'Info',
  timestamp: '2023-06-30T10:21:34.597Z'
}
{
  message: 'application listening on port 5000',
  level: 'info',
  label: 'Info',
  timestamp: '2023-06-30T10:22:40.166Z'
}
{
  message: 'application listening on port 5000',
  level: 'info',
  label: 'Info',
  timestamp: '2023-06-30T10:22:44.832Z'
}
{
  message: 'application listening on port 5000',
  level: 'info',
  label: 'Info',
  timestamp: '2023-06-30T10:22:46.385Z'
}
{
  message: 'application listening on port 5000',
  level: 'info',
  label: 'Info',
  timestamp: '2023-06-30T10:23:49.157Z'
}
{
  message: 'application listening on port 5000',
  level: 'info',
  label: 'Info',
  timestamp: '2023-06-30T10:23:50.696Z'
}
{
  message: 'application listening on port 5000',
  level: 'info',
  label: 'Info',
  timestamp: '2023-06-30T10:27:36.696Z'
}
{
  message: 'application listening on port 5000',
  level: 'info',
  label: 'Info',
  timestamp: '2023-06-30T10:27:41.749Z'
}
{
  message: 'application listening on port 5000',
  level: 'info',
  label: 'Info',
  timestamp: '2023-06-30T10:27:49.400Z'
}
{
  message: 'application listening on port 5000',
  level: 'info',
  label: 'Info',
  timestamp: '2023-06-30T10:28:45.100Z'
}
{
  message: 'application listening on port 5000',
  level: 'info',
  label: 'Info',
  timestamp: '2023-06-30T10:28:52.393Z'
}
{
  message: 'application listening on port 5000',
  level: 'info',
  label: 'Info',
  timestamp: '2023-06-30T10:29:04.848Z'
}
{
  message: 'application listening on port 5000',
  level: 'info',
  label: 'Info',
  timestamp: '2023-06-30T10:29:12.925Z'
}
{
  message: 'application listening on port 5000',
  level: 'info',
  label: 'Info',
  timestamp: '2023-06-30T10:41:46.677Z'
}
{
  message: 'application listening on port 5000',
  level: 'info',
  label: 'Info',
  timestamp: '2023-06-30T10:44:06.562Z'
}
{
  message: 'application listening on port 5000',
  level: 'info',
  label: 'Info',
  timestamp: '2023-06-30T10:44:10.631Z'
}
{
  message: 'application listening on port 5000',
  level: 'info',
  label: 'Info',
  timestamp: '2023-06-30T10:45:49.321Z'
}
{
  message: 'application listening on port 5000',
  level: 'info',
  label: 'Info',
  timestamp: '2023-06-30T10:45:56.902Z'
}
{
  message: 'application listening on port 5000',
  level: 'info',
  label: 'Info',
  timestamp: '2023-06-30T10:45:59.117Z'
}
{
  message: 'application listening on port 5000',
  level: 'info',
  label: 'Info',
  timestamp: '2023-06-30T10:46:08.357Z'
}
{
  message: 'application listening on port 5000',
  level: 'info',
  label: 'Info',
  timestamp: '2023-06-30T10:46:29.517Z'
}
{
  message: 'application listening on port 5000',
  level: 'info',
  label: 'Info',
  timestamp: '2023-06-30T10:46:40.203Z'
}
{
  message: 'application listening on port 5000',
  level: 'info',
  label: 'Info',
  timestamp: '2023-06-30T10:46:48.535Z'
}
{
  message: 'application listening on port 5000',
  level: 'info',
  label: 'Info',
  timestamp: '2023-06-30T10:46:51.089Z'
}
{
  message: 'application listening on port 5000',
  level: 'info',
  label: 'Info',
  timestamp: '2023-06-30T10:46:57.175Z'
}
{
  message: 'application listening on port 5000',
  level: 'info',
  label: 'Info',
  timestamp: '2023-06-30T10:47:04.808Z'
}
{
  message: 'application listening on port 5000',
  level: 'info',
  label: 'Info',
  timestamp: '2023-06-30T10:47:33.038Z'
}
{
  message: 'application listening on port 5000',
  level: 'info',
  label: 'Info',
  timestamp: '2023-06-30T10:47:34.685Z'
}
{
  message: 'application listening on port 5000',
  level: 'info',
  label: 'Info',
  timestamp: '2023-06-30T10:48:44.132Z'
}
{
  message: 'application listening on port 5000',
  level: 'info',
  label: 'Info',
  timestamp: '2023-06-30T10:48:47.658Z'
}
{
  message: 'application listening on port 5000',
  level: 'info',
  label: 'Info',
  timestamp: '2023-06-30T10:48:50.360Z'
}
{
  message: 'application listening on port 5000',
  level: 'info',
  label: 'Info',
  timestamp: '2023-06-30T10:48:51.969Z'
}
{
  message: 'application listening on port 5000',
  level: 'info',
  label: 'Info',
  timestamp: '2023-06-30T10:49:04.178Z'
}
{
  message: 'application listening on port 5000',
  level: 'info',
  label: 'Info',
  timestamp: '2023-06-30T10:49:10.238Z'
}
{
  message: 'application listening on port 5000',
  level: 'info',
  label: 'Info',
  timestamp: '2023-06-30T10:50:46.361Z'
}
{
  message: 'application listening on port 5000',
  level: 'info',
  label: 'Info',
  timestamp: '2023-06-30T10:50:52.467Z'
}
{
  message: 'application listening on port 5000',
  level: 'info',
  label: 'Info',
  timestamp: '2023-06-30T10:50:54.031Z'
}
{
  message: 'application listening on port 5000',
  level: 'info',
  label: 'Info',
  timestamp: '2023-06-30T10:50:56.989Z'
}
{
  message: 'application listening on port 5000',
  level: 'info',
  label: 'Info',
  timestamp: '2023-06-30T10:51:27.389Z'
}
{
  message: 'application listening on port 5000',
  level: 'info',
  label: 'Info',
  timestamp: '2023-06-30T10:51:38.282Z'
}
{
  message: 'application listening on port 5000',
  level: 'info',
  label: 'Info',
  timestamp: '2023-06-30T10:51:45.128Z'
}
{
  message: 'application listening on port 5000',
  level: 'info',
  label: 'Info',
  timestamp: '2023-06-30T10:51:49.894Z'
}
{
  message: 'application listening on port 5000',
  level: 'info',
  label: 'Info',
  timestamp: '2023-06-30T10:52:26.367Z'
}
{
  message: 'application listening on port 5000',
  level: 'info',
  label: 'Info',
  timestamp: '2023-06-30T10:52:33.506Z'
}
{
  message: 'application listening on port 5000',
  level: 'info',
  label: 'Info',
  timestamp: '2023-06-30T10:52:36.787Z'
}
{
  message: 'application listening on port 5000',
  level: 'info',
  label: 'Info',
  timestamp: '2023-06-30T10:55:41.836Z'
}
{
  message: 'application listening on port 5000',
  level: 'info',
  label: 'Info',
  timestamp: '2023-06-30T10:55:44.773Z'
}
{
  message: 'application listening on port 5000',
  level: 'info',
  label: 'Info',
  timestamp: '2023-06-30T10:55:58.605Z'
}
{
  message: 'application listening on port 5000',
  level: 'info',
  label: 'Info',
  timestamp: '2023-06-30T10:56:03.088Z'
}
{
  message: 'application listening on port 5000',
  level: 'info',
  label: 'Info',
  timestamp: '2023-06-30T10:56:43.988Z'
}
{
  message: 'application listening on port 5000',
  level: 'info',
  label: 'Info',
  timestamp: '2023-06-30T10:58:07.419Z'
}
{
  message: 'application listening on port 5000',
  level: 'info',
  label: 'Info',
  timestamp: '2023-06-30T10:58:10.015Z'
}
{
  message: 'application listening on port 5000',
  level: 'info',
  label: 'Info',
  timestamp: '2023-06-30T10:58:18.898Z'
}
{
  message: 'application listening on port 5000',
  level: 'info',
  label: 'Info',
  timestamp: '2023-06-30T10:58:20.267Z'
}
{
  message: 'application listening on port 5000',
  level: 'info',
  label: 'Info',
  timestamp: '2023-06-30T10:58:24.337Z'
}
{
  message: 'application listening on port 5000',
  level: 'info',
  label: 'Info',
  timestamp: '2023-06-30T10:58:31.330Z'
}
{
  message: 'application listening on port 5000',
  level: 'info',
  label: 'Info',
  timestamp: '2023-06-30T10:58:33.528Z'
}
{
  message: 'application listening on port 5000',
  level: 'info',
  label: 'Info',
  timestamp: '2023-06-30T10:59:10.047Z'
}
{
  message: 'application listening on port 5000',
  level: 'info',
  label: 'Info',
  timestamp: '2023-06-30T10:59:13.678Z'
}
{
  message: 'application listening on port 5000',
  level: 'info',
  label: 'Info',
  timestamp: '2023-06-30T10:59:18.546Z'
}
{
  message: 'application listening on port 5000',
  level: 'info',
  label: 'Info',
  timestamp: '2023-06-30T10:59:20.937Z'
}
{
  message: 'application listening on port 5000',
  level: 'info',
  label: 'Info',
  timestamp: '2023-06-30T10:59:24.612Z'
}
