{
  message: 'application listening on port 5000',
  level: 'info',
  label: 'Info',
  timestamp: '2023-07-14T09:00:21.455Z'
}
{
  message: 'application listening on port 5000',
  level: 'info',
  label: 'Info',
  timestamp: '2023-07-14T09:04:47.328Z'
}
{
  message: 'application listening on port 5000',
  level: 'info',
  label: 'Info',
  timestamp: '2023-07-14T09:04:48.959Z'
}
{
  message: 'application listening on port 5000',
  level: 'info',
  label: 'Info',
  timestamp: '2023-07-14T09:04:51.418Z'
}
{
  message: 'application listening on port 5000',
  level: 'info',
  label: 'Info',
  timestamp: '2023-07-14T09:05:17.824Z'
}
{
  message: 'application listening on port 5000',
  level: 'info',
  label: 'Info',
  timestamp: '2023-07-14T09:05:32.595Z'
}
{
  message: 'application listening on port 5000',
  level: 'info',
  label: 'Info',
  timestamp: '2023-07-14T09:05:34.421Z'
}
{
  message: 'application listening on port 5000',
  level: 'info',
  label: 'Info',
  timestamp: '2023-07-14T09:05:39.620Z'
}
{
  message: 'application listening on port 5000',
  level: 'info',
  label: 'Info',
  timestamp: '2023-07-14T09:05:46.602Z'
}
{
  message: 'application listening on port 5000',
  level: 'info',
  label: 'Info',
  timestamp: '2023-07-14T09:05:54.318Z'
}
{
  message: 'application listening on port 5000',
  level: 'info',
  label: 'Info',
  timestamp: '2023-07-14T09:06:48.083Z'
}
{
  message: 'application listening on port 5000',
  level: 'info',
  label: 'Info',
  timestamp: '2023-07-14T09:06:52.103Z'
}
{
  message: 'application listening on port 5000',
  level: 'info',
  label: 'Info',
  timestamp: '2023-07-14T09:07:04.976Z'
}
{
  message: 'application listening on port 5000',
  level: 'info',
  label: 'Info',
  timestamp: '2023-07-14T09:07:54.630Z'
}
{
  message: 'application listening on port 5000',
  level: 'info',
  label: 'Info',
  timestamp: '2023-07-14T09:07:58.229Z'
}
{
  message: 'application listening on port 5000',
  level: 'info',
  label: 'Info',
  timestamp: '2023-07-14T09:08:00.657Z'
}
{
  message: 'application listening on port 5000',
  level: 'info',
  label: 'Info',
  timestamp: '2023-07-14T09:10:21.481Z'
}
{
  message: 'application listening on port 5000',
  level: 'info',
  label: 'Info',
  timestamp: '2023-07-14T09:10:27.112Z'
}
{
  message: 'application listening on port 5000',
  level: 'info',
  label: 'Info',
  timestamp: '2023-07-14T09:10:29.991Z'
}
{
  message: 'application listening on port 5000',
  level: 'info',
  label: 'Info',
  timestamp: '2023-07-14T09:15:01.444Z'
}
{
  message: 'application listening on port 5000',
  level: 'info',
  label: 'Info',
  timestamp: '2023-07-14T09:15:09.843Z'
}
{
  message: 'application listening on port 5000',
  level: 'info',
  label: 'Info',
  timestamp: '2023-07-14T09:15:13.803Z'
}
{
  message: 'application listening on port 5000',
  level: 'info',
  label: 'Info',
  timestamp: '2023-07-14T09:15:28.623Z'
}
{
  message: 'application listening on port 5000',
  level: 'info',
  label: 'Info',
  timestamp: '2023-07-14T09:16:24.147Z'
}
{
  message: 'application listening on port 5000',
  level: 'info',
  label: 'Info',
  timestamp: '2023-07-14T09:16:30.593Z'
}
{
  message: 'application listening on port 5000',
  level: 'info',
  label: 'Info',
  timestamp: '2023-07-14T09:16:33.016Z'
}
{
  message: 'application listening on port 5000',
  level: 'info',
  label: 'Info',
  timestamp: '2023-07-14T09:16:42.785Z'
}
{
  message: 'application listening on port 5000',
  level: 'info',
  label: 'Info',
  timestamp: '2023-07-14T09:16:50.283Z'
}
{
  message: 'application listening on port 5000',
  level: 'info',
  label: 'Info',
  timestamp: '2023-07-14T09:17:33.176Z'
}
{
  message: 'application listening on port 5000',
  level: 'info',
  label: 'Info',
  timestamp: '2023-07-14T09:17:35.069Z'
}
{
  message: 'application listening on port 5000',
  level: 'info',
  label: 'Info',
  timestamp: '2023-07-14T09:17:36.723Z'
}
{
  message: 'application listening on port 5000',
  level: 'info',
  label: 'Info',
  timestamp: '2023-07-14T09:17:38.630Z'
}
{
  message: 'application listening on port 5000',
  level: 'info',
  label: 'Info',
  timestamp: '2023-07-14T09:17:52.871Z'
}
{
  message: 'application listening on port 5000',
  level: 'info',
  label: 'Info',
  timestamp: '2023-07-14T09:18:12.045Z'
}
{
  message: 'application listening on port 5000',
  level: 'info',
  label: 'Info',
  timestamp: '2023-07-14T09:18:15.352Z'
}
{
  message: 'application listening on port 5000',
  level: 'info',
  label: 'Info',
  timestamp: '2023-07-14T09:18:18.544Z'
}
{
  message: 'application listening on port 5000',
  level: 'info',
  label: 'Info',
  timestamp: '2023-07-14T09:20:59.546Z'
}
{
  message: 'application listening on port 5000',
  level: 'info',
  label: 'Info',
  timestamp: '2023-07-14T09:25:00.912Z'
}
{
  message: 'application listening on port 5000',
  level: 'info',
  label: 'Info',
  timestamp: '2023-07-14T09:26:51.594Z'
}
{
  message: 'application listening on port 5000',
  level: 'info',
  label: 'Info',
  timestamp: '2023-07-14T09:27:05.367Z'
}
{
  message: 'application listening on port 5000',
  level: 'info',
  label: 'Info',
  timestamp: '2023-07-14T09:27:07.070Z'
}
{
  message: 'application listening on port 5000',
  level: 'info',
  label: 'Info',
  timestamp: '2023-07-14T09:27:12.379Z'
}
{
  message: 'application listening on port 5000',
  level: 'info',
  label: 'Info',
  timestamp: '2023-07-14T09:27:28.665Z'
}
{
  message: 'application listening on port 5000',
  level: 'info',
  label: 'Info',
  timestamp: '2023-07-14T09:27:38.106Z'
}
{
  message: 'application listening on port 5000',
  level: 'info',
  label: 'Info',
  timestamp: '2023-07-14T09:28:10.167Z'
}
{
  message: 'application listening on port 5000',
  level: 'info',
  label: 'Info',
  timestamp: '2023-07-14T09:31:57.502Z'
}
{
  message: 'application listening on port 5000',
  level: 'info',
  label: 'Info',
  timestamp: '2023-07-14T09:33:05.000Z'
}
{
  message: 'application listening on port 5000',
  level: 'info',
  label: 'Info',
  timestamp: '2023-07-14T09:33:24.407Z'
}
{
  message: 'application listening on port 5000',
  level: 'info',
  label: 'Info',
  timestamp: '2023-07-14T09:33:26.958Z'
}
{
  message: 'application listening on port 5000',
  level: 'info',
  label: 'Info',
  timestamp: '2023-07-14T09:33:28.397Z'
}
{
  message: 'application listening on port 5000',
  level: 'info',
  label: 'Info',
  timestamp: '2023-07-14T09:33:48.292Z'
}
{
  message: 'application listening on port 5000',
  level: 'info',
  label: 'Info',
  timestamp: '2023-07-14T09:34:18.352Z'
}
{
  message: 'application listening on port 5000',
  level: 'info',
  label: 'Info',
  timestamp: '2023-07-14T09:34:21.118Z'
}
{
  message: 'application listening on port 5000',
  level: 'info',
  label: 'Info',
  timestamp: '2023-07-14T09:35:12.343Z'
}
{
  message: 'application listening on port 5000',
  level: 'info',
  label: 'Info',
  timestamp: '2023-07-14T09:35:21.207Z'
}
{
  message: 'application listening on port 5000',
  level: 'info',
  label: 'Info',
  timestamp: '2023-07-14T09:35:27.916Z'
}
{
  message: 'application listening on port 5000',
  level: 'info',
  label: 'Info',
  timestamp: '2023-07-14T09:35:36.419Z'
}
{
  message: 'application listening on port 5000',
  level: 'info',
  label: 'Info',
  timestamp: '2023-07-14T09:36:18.100Z'
}
