{
  message: 'application listening on port 5000',
  level: 'info',
  label: 'Info',
  timestamp: '2023-06-24T17:00:29.025Z'
}
{
  message: 'application listening on port 5000',
  level: 'info',
  label: 'Info',
  timestamp: '2023-06-24T17:01:52.101Z'
}
{
  message: 'application listening on port 5000',
  level: 'info',
  label: 'Info',
  timestamp: '2023-06-24T17:04:20.408Z'
}
{
  message: 'application listening on port 5000',
  level: 'info',
  label: 'Info',
  timestamp: '2023-06-24T17:04:22.958Z'
}
{
  message: 'application listening on port 5000',
  level: 'info',
  label: 'Info',
  timestamp: '2023-06-24T17:05:05.445Z'
}
{
  message: 'application listening on port 5000',
  level: 'info',
  label: 'Info',
  timestamp: '2023-06-24T17:05:08.374Z'
}
{
  message: 'application listening on port 5000',
  level: 'info',
  label: 'Info',
  timestamp: '2023-06-24T17:07:54.813Z'
}
{
  message: 'application listening on port 5000',
  level: 'info',
  label: 'Info',
  timestamp: '2023-06-24T17:08:08.160Z'
}
{
  message: 'application listening on port 5000',
  level: 'info',
  label: 'Info',
  timestamp: '2023-06-24T17:08:39.539Z'
}
{
  message: 'application listening on port 5000',
  level: 'info',
  label: 'Info',
  timestamp: '2023-06-24T17:08:44.036Z'
}
{
  message: 'application listening on port 5000',
  level: 'info',
  label: 'Info',
  timestamp: '2023-06-24T17:08:47.247Z'
}
{
  message: 'application listening on port 5000',
  level: 'info',
  label: 'Info',
  timestamp: '2023-06-24T17:08:50.221Z'
}
{
  message: 'application listening on port 5000',
  level: 'info',
  label: 'Info',
  timestamp: '2023-06-24T17:08:57.247Z'
}
{
  message: 'application listening on port 5000',
  level: 'info',
  label: 'Info',
  timestamp: '2023-06-24T17:08:59.584Z'
}
{
  message: 'application listening on port 5000',
  level: 'info',
  label: 'Info',
  timestamp: '2023-06-24T17:09:02.834Z'
}
{
  message: 'application listening on port 5000',
  level: 'info',
  label: 'Info',
  timestamp: '2023-06-24T17:09:11.003Z'
}
{
  message: 'application listening on port 5000',
  level: 'info',
  label: 'Info',
  timestamp: '2023-06-24T17:09:18.432Z'
}
{
  message: 'application listening on port 5000',
  level: 'info',
  label: 'Info',
  timestamp: '2023-06-24T17:09:22.311Z'
}
{
  message: 'application listening on port 5000',
  level: 'info',
  label: 'Info',
  timestamp: '2023-06-24T17:09:34.105Z'
}
{
  message: 'application listening on port 5000',
  level: 'info',
  label: 'Info',
  timestamp: '2023-06-24T17:10:35.403Z'
}
{
  message: 'application listening on port 5000',
  level: 'info',
  label: 'Info',
  timestamp: '2023-06-24T17:10:37.801Z'
}
{
  message: 'application listening on port 5000',
  level: 'info',
  label: 'Info',
  timestamp: '2023-06-24T17:10:41.693Z'
}
{
  message: 'application listening on port 5000',
  level: 'info',
  label: 'Info',
  timestamp: '2023-06-24T17:10:45.765Z'
}
{
  message: 'application listening on port 5000',
  level: 'info',
  label: 'Info',
  timestamp: '2023-06-24T17:10:49.183Z'
}
{
  message: 'application listening on port 5000',
  level: 'info',
  label: 'Info',
  timestamp: '2023-06-24T17:10:51.006Z'
}
{
  message: 'application listening on port 5000',
  level: 'info',
  label: 'Info',
  timestamp: '2023-06-24T17:11:43.274Z'
}
{
  message: 'application listening on port 5000',
  level: 'info',
  label: 'Info',
  timestamp: '2023-06-24T17:15:17.383Z'
}
{
  message: 'application listening on port 5000',
  level: 'info',
  label: 'Info',
  timestamp: '2023-06-24T17:16:04.651Z'
}
{
  message: 'application listening on port 5000',
  level: 'info',
  label: 'Info',
  timestamp: '2023-06-24T17:17:38.760Z'
}
{
  message: 'application listening on port 5000',
  level: 'info',
  label: 'Info',
  timestamp: '2023-06-24T17:17:40.736Z'
}
{
  message: 'application listening on port 5000',
  level: 'info',
  label: 'Info',
  timestamp: '2023-06-24T17:17:43.859Z'
}
{
  message: 'application listening on port 5000',
  level: 'info',
  label: 'Info',
  timestamp: '2023-06-24T17:17:58.917Z'
}
{
  message: 'application listening on port 5000',
  level: 'info',
  label: 'Info',
  timestamp: '2023-06-24T17:25:43.798Z'
}
{
  message: 'application listening on port 5000',
  level: 'info',
  label: 'Info',
  timestamp: '2023-06-24T17:25:49.445Z'
}
